Using pre-set license

 COMMAND LINE ARGUMENTS:
/Applications/Unity/Hub/Editor/2020.3.5f1/Unity.app/Contents/MacOS/Unity
-adb2
-batchMode
-noUpm
-name
AssetImportWorker0
-projectPath
/Users/john/Desktop/Create with Code/Prototype 2
-logFile
Logs/AssetImportWorker0.log
-srvPort
59077
Successfully changed project path to: /Users/john/Desktop/Create with Code/Prototype 2
/Users/john/Desktop/Create with Code/Prototype 2
Using Asset Import Pipeline V2.
Refreshing native plugins compatible for Editor in 34.03 ms, found 1 plugins.
Preloading 0 native plugins for Editor in 0.00 ms.
Initialize engine version: 2020.3.5f1 (8095aa901b9b)
[Subsystems] Discovering subsystems at path /Applications/Unity/Hub/Editor/2020.3.5f1/Unity.app/Contents/Resources/UnitySubsystems
[Subsystems] Discovering subsystems at path /Users/john/Desktop/Create with Code/Prototype 2/Assets
GfxDevice: creating device client; threaded=0
2021-05-15 07:33:21.882 Unity[46406:2932562] Color LCD preferred device: Intel(R) Iris(TM) Plus Graphics 640 (low power)
2021-05-15 07:33:21.882 Unity[46406:2932562] Metal devices available: 1
2021-05-15 07:33:21.882 Unity[46406:2932562] 0: Intel(R) Iris(TM) Plus Graphics 640 (low power)
2021-05-15 07:33:21.883 Unity[46406:2932562] Using device Intel(R) Iris(TM) Plus Graphics 640 (low power)
Initializing Metal device caps: Intel(R) Iris(TM) Plus Graphics 640
Initialize mono
Mono path[0] = '/Applications/Unity/Hub/Editor/2020.3.5f1/Unity.app/Contents/Managed'
Mono path[1] = '/Applications/Unity/Hub/Editor/2020.3.5f1/Unity.app/Contents/MonoBleedingEdge/lib/mono/unityjit'
Mono config path = '/Applications/Unity/Hub/Editor/2020.3.5f1/Unity.app/Contents/MonoBleedingEdge/etc'
Using monoOptions --debugger-agent=transport=dt_socket,embedding=1,server=y,suspend=n,address=127.0.0.1:56406
Begin MonoManager ReloadAssembly
Registering precompiled unity dll's ...
Register platform support module: /Applications/Unity/Hub/Editor/2020.3.5f1/PlaybackEngines/WebGLSupport/UnityEditor.WebGL.Extensions.dll
Register platform support module: /Applications/Unity/Hub/Editor/2020.3.5f1/Unity.app/Contents/PlaybackEngines/MacStandaloneSupport/UnityEditor.OSXStandalone.Extensions.dll
Registered in 0.017852 seconds.
Native extension for OSXStandalone target not found
Native extension for WebGL target not found
Refreshing native plugins compatible for Editor in 25.82 ms, found 1 plugins.
Preloading 0 native plugins for Editor in 0.00 ms.
Mono: successfully reloaded assembly
- Completed reload, in  2.386 seconds
Platform modules already initialized, skipping
Registering precompiled user dll's ...
Registered in 0.000469 seconds.
Begin MonoManager ReloadAssembly
Native extension for OSXStandalone target not found
Native extension for WebGL target not found
Refreshing native plugins compatible for Editor in 0.22 ms, found 1 plugins.
Preloading 0 native plugins for Editor in 0.00 ms.
Mono: successfully reloaded assembly
- Completed reload, in  1.086 seconds
Platform modules already initialized, skipping
========================================================================
Worker process is ready to serve import requests
Launching external process: /Applications/Unity/Hub/Editor/2020.3.5f1/Unity.app/Contents/Tools/UnityShaderCompiler
Launched and connected shader compiler UnityShaderCompiler after 0.01 seconds
Refreshing native plugins compatible for Editor in 0.28 ms, found 1 plugins.
Preloading 0 native plugins for Editor in 0.00 ms.
Unloading 1120 Unused Serialized files (Serialized files now loaded: 0)
System memory in use before: 108.4 MB.
System memory in use after: 108.4 MB.

Unloading 10 unused Assets to reduce memory usage. Loaded Objects now: 1563.
Total: 3.955294 ms (FindLiveObjects: 0.506606 ms CreateObjectMapping: 0.144413 ms MarkObjects: 3.181806 ms  DeleteObjects: 0.118859 ms)

========================================================================
Received Import Request.
  path: Assets/Scripts/DestroyOutOfBounds.cs
  artifactKey: Guid(8ba6e2adc0eb341b296d9e97193071f6) Importer(815301076,1909f56bfc062723c751e8b465ee728b)
Start importing Assets/Scripts/DestroyOutOfBounds.cs using Guid(8ba6e2adc0eb341b296d9e97193071f6) Importer(815301076,1909f56bfc062723c751e8b465ee728b)  -> (artifact id: '33128f0dfe222ced3ab70abd79d0ed6e') in 0.244884 seconds
  Import took 0.247438 seconds .

========================================================================
Received Import Request.
  Time since last request: 83.887675 seconds.
  path: Assets/Scripts/DestroyOutOfBounds.cs
  artifactKey: Guid(8ba6e2adc0eb341b296d9e97193071f6) Importer(815301076,1909f56bfc062723c751e8b465ee728b)
Start importing Assets/Scripts/DestroyOutOfBounds.cs using Guid(8ba6e2adc0eb341b296d9e97193071f6) Importer(815301076,1909f56bfc062723c751e8b465ee728b)  -> (artifact id: '0899dbc74ff4e47f5758933582aed4a3') in 0.006638 seconds
  Import took 0.010286 seconds .

========================================================================
Received Prepare
Registering precompiled user dll's ...
Registered in 0.000520 seconds.
Begin MonoManager ReloadAssembly
Native extension for OSXStandalone target not found
Native extension for WebGL target not found
Refreshing native plugins compatible for Editor in 0.24 ms, found 1 plugins.
Preloading 0 native plugins for Editor in 0.00 ms.
Mono: successfully reloaded assembly
- Completed reload, in  0.969 seconds
Platform modules already initialized, skipping
Refreshing native plugins compatible for Editor in 0.26 ms, found 1 plugins.
Preloading 0 native plugins for Editor in 0.00 ms.
Unloading 1115 Unused Serialized files (Serialized files now loaded: 0)
System memory in use before: 112.9 MB.
System memory in use after: 113.0 MB.

Unloading 5 unused Assets to reduce memory usage. Loaded Objects now: 1566.
Total: 2.368385 ms (FindLiveObjects: 0.256527 ms CreateObjectMapping: 0.135000 ms MarkObjects: 1.905402 ms  DeleteObjects: 0.069456 ms)

